Performing C SOURCE FILE Test CMAKE_HAVE_LIBC_PTHREAD failed with the following output:
Change Dir: /home/lab318/ws_HCPP/src/vision_create/build/CMakeFiles/CMakeScratch/TryCompile-EdXPGE

Run Build Command(s):/usr/bin/make -f Makefile cmTC_42ed0/fast && /usr/bin/make  -f CMakeFiles/cmTC_42ed0.dir/build.make CMakeFiles/cmTC_42ed0.dir/build
make[1]: 进入目录“/home/lab318/ws_HCPP/src/vision_create/build/CMakeFiles/CMakeScratch/TryCompile-EdXPGE”
Building C object CMakeFiles/cmTC_42ed0.dir/src.c.o
/usr/bin/gcc -DCMAKE_HAVE_LIBC_PTHREAD   -o CMakeFiles/cmTC_42ed0.dir/src.c.o -c /home/lab318/ws_HCPP/src/vision_create/build/CMakeFiles/CMakeScratch/TryCompile-EdXPGE/src.c
Linking C executable cmTC_42ed0
/home/lab318/.local/lib/python3.8/site-packages/cmake/data/bin/cmake -E cmake_link_script CMakeFiles/cmTC_42ed0.dir/link.txt --verbose=1
/usr/bin/gcc -rdynamic CMakeFiles/cmTC_42ed0.dir/src.c.o -o cmTC_42ed0 
/usr/bin/ld: CMakeFiles/cmTC_42ed0.dir/src.c.o: in function `main':
src.c:(.text+0x46): undefined reference to `pthread_create'
/usr/bin/ld: src.c:(.text+0x52): undefined reference to `pthread_detach'
/usr/bin/ld: src.c:(.text+0x5e): undefined reference to `pthread_cancel'
/usr/bin/ld: src.c:(.text+0x6f): undefined reference to `pthread_join'
collect2: error: ld returned 1 exit status
make[1]: *** [CMakeFiles/cmTC_42ed0.dir/build.make:99：cmTC_42ed0] 错误 1
make[1]: 离开目录“/home/lab318/ws_HCPP/src/vision_create/build/CMakeFiles/CMakeScratch/TryCompile-EdXPGE”
make: *** [Makefile:127：cmTC_42ed0/fast] 错误 2


Source file was:
#include <pthread.h>

static void* test_func(void* data)
{
  return data;
}

int main(void)
{
  pthread_t thread;
  pthread_create(&thread, NULL, test_func, NULL);
  pthread_detach(thread);
  pthread_cancel(thread);
  pthread_join(thread, NULL);
  pthread_atfork(NULL, NULL, NULL);
  pthread_exit(NULL);

  return 0;
}


Determining if the function pthread_create exists in the pthreads failed with the following output:
Change Dir: /home/lab318/ws_HCPP/src/vision_create/build/CMakeFiles/CMakeScratch/TryCompile-osGzwF

Run Build Command(s):/usr/bin/make -f Makefile cmTC_301cc/fast && /usr/bin/make  -f CMakeFiles/cmTC_301cc.dir/build.make CMakeFiles/cmTC_301cc.dir/build
make[1]: 进入目录“/home/lab318/ws_HCPP/src/vision_create/build/CMakeFiles/CMakeScratch/TryCompile-osGzwF”
Building C object CMakeFiles/cmTC_301cc.dir/CheckFunctionExists.c.o
/usr/bin/gcc   -DCHECK_FUNCTION_EXISTS=pthread_create -o CMakeFiles/cmTC_301cc.dir/CheckFunctionExists.c.o -c /home/lab318/ws_HCPP/src/vision_create/build/CMakeFiles/CMakeScratch/TryCompile-osGzwF/CheckFunctionExists.c
Linking C executable cmTC_301cc
/home/lab318/.local/lib/python3.8/site-packages/cmake/data/bin/cmake -E cmake_link_script CMakeFiles/cmTC_301cc.dir/link.txt --verbose=1
/usr/bin/gcc  -DCHECK_FUNCTION_EXISTS=pthread_create -rdynamic CMakeFiles/cmTC_301cc.dir/CheckFunctionExists.c.o -o cmTC_301cc  -lpthreads 
/usr/bin/ld: 找不到 -lpthreads
collect2: error: ld returned 1 exit status
make[1]: *** [CMakeFiles/cmTC_301cc.dir/build.make:99：cmTC_301cc] 错误 1
make[1]: 离开目录“/home/lab318/ws_HCPP/src/vision_create/build/CMakeFiles/CMakeScratch/TryCompile-osGzwF”
make: *** [Makefile:127：cmTC_301cc/fast] 错误 2



Performing C SOURCE FILE Test CMAKE_HAVE_LIBC_PTHREAD failed with the following output:
Change Dir: /home/lab318/ws_HCPP/src/vision_create/build/CMakeFiles/CMakeScratch/TryCompile-5Plk3H

Run Build Command(s):/home/lab318/anaconda3/bin/ninja cmTC_3323b && [1/2] Building C object CMakeFiles/cmTC_3323b.dir/src.c.o
[2/2] Linking C executable cmTC_3323b
FAILED: cmTC_3323b 
: && /usr/bin/gcc  -rdynamic CMakeFiles/cmTC_3323b.dir/src.c.o -o cmTC_3323b   && :
/usr/bin/ld: CMakeFiles/cmTC_3323b.dir/src.c.o: in function `main':
src.c:(.text+0x46): undefined reference to `pthread_create'
/usr/bin/ld: src.c:(.text+0x52): undefined reference to `pthread_detach'
/usr/bin/ld: src.c:(.text+0x5e): undefined reference to `pthread_cancel'
/usr/bin/ld: src.c:(.text+0x6f): undefined reference to `pthread_join'
collect2: error: ld returned 1 exit status
ninja: build stopped: subcommand failed.


Source file was:
#include <pthread.h>

static void* test_func(void* data)
{
  return data;
}

int main(void)
{
  pthread_t thread;
  pthread_create(&thread, NULL, test_func, NULL);
  pthread_detach(thread);
  pthread_cancel(thread);
  pthread_join(thread, NULL);
  pthread_atfork(NULL, NULL, NULL);
  pthread_exit(NULL);

  return 0;
}


Determining if the function pthread_create exists in the pthreads failed with the following output:
Change Dir: /home/lab318/ws_HCPP/src/vision_create/build/CMakeFiles/CMakeScratch/TryCompile-oxNjuH

Run Build Command(s):/home/lab318/anaconda3/bin/ninja cmTC_103da && [1/2] Building C object CMakeFiles/cmTC_103da.dir/CheckFunctionExists.c.o
[2/2] Linking C executable cmTC_103da
FAILED: cmTC_103da 
: && /usr/bin/gcc -DCHECK_FUNCTION_EXISTS=pthread_create -rdynamic CMakeFiles/cmTC_103da.dir/CheckFunctionExists.c.o -o cmTC_103da  -lpthreads && :
/usr/bin/ld: 找不到 -lpthreads
collect2: error: ld returned 1 exit status
ninja: build stopped: subcommand failed.



